2023-09-24 20:50:35,613 - mp3_sound.mp3_sound - INFO - MP3_LIST: /home/jack/Desktop/FlaskAppArchitect_Flask_App_Creator/mp3_sound/all_mp3.list [in /home/jack/Desktop/FlaskAppArchitect_Flask_App_Creator/mp3_sound/mp3_sound.py:64]
2023-09-24 20:50:35,613 - mp3_sound.mp3_sound - INFO - Starting mp3_sound [in /home/jack/Desktop/FlaskAppArchitect_Flask_App_Creator/mp3_sound/mp3_sound.py:81]
2023-09-24 20:50:35,613 - mp3_sound.mp3_sound - DEBUG - Current_Working_Directory: /home/jack/Desktop/FlaskAppArchitect_Flask_App_Creator [in /home/jack/Desktop/FlaskAppArchitect_Flask_App_Creator/mp3_sound/mp3_sound.py:82]
2023-09-24 20:51:02,155 - mp3_sound.mp3_sound - INFO - MP3_LIST: /home/jack/Desktop/FlaskAppArchitect_Flask_App_Creator/mp3_sound/all_mp3.list [in /home/jack/Desktop/FlaskAppArchitect_Flask_App_Creator/mp3_sound/mp3_sound.py:64]
2023-09-24 20:51:02,155 - mp3_sound.mp3_sound - INFO - Starting mp3_sound [in /home/jack/Desktop/FlaskAppArchitect_Flask_App_Creator/mp3_sound/mp3_sound.py:81]
2023-09-24 20:51:02,155 - mp3_sound.mp3_sound - DEBUG - Current_Working_Directory: /home/jack/Desktop/FlaskAppArchitect_Flask_App_Creator [in /home/jack/Desktop/FlaskAppArchitect_Flask_App_Creator/mp3_sound/mp3_sound.py:82]
2023-09-25 10:20:48,931 - mp3_sound.mp3_sound - INFO - MP3_LIST: /home/jack/Desktop/FlaskAppArchitect_Flask_App_Creator/mp3_sound/all_mp3.list [in /home/jack/Desktop/FlaskAppArchitect_Flask_App_Creator/mp3_sound/mp3_sound.py:64]
2023-09-25 10:20:48,932 - mp3_sound.mp3_sound - INFO - Starting mp3_sound [in /home/jack/Desktop/FlaskAppArchitect_Flask_App_Creator/mp3_sound/mp3_sound.py:81]
2023-09-25 10:20:48,932 - mp3_sound.mp3_sound - DEBUG - Current_Working_Directory: /home/jack/Desktop/FlaskAppArchitect_Flask_App_Creator [in /home/jack/Desktop/FlaskAppArchitect_Flask_App_Creator/mp3_sound/mp3_sound.py:82]
2023-09-25 10:20:58,592 - mp3_sound.mp3_sound - INFO - MP3_LIST: /home/jack/Desktop/FlaskAppArchitect_Flask_App_Creator/mp3_sound/all_mp3.list [in /home/jack/Desktop/FlaskAppArchitect_Flask_App_Creator/mp3_sound/mp3_sound.py:64]
2023-09-25 10:20:58,593 - mp3_sound.mp3_sound - INFO - Starting mp3_sound [in /home/jack/Desktop/FlaskAppArchitect_Flask_App_Creator/mp3_sound/mp3_sound.py:81]
2023-09-25 10:20:58,593 - mp3_sound.mp3_sound - DEBUG - Current_Working_Directory: /home/jack/Desktop/FlaskAppArchitect_Flask_App_Creator [in /home/jack/Desktop/FlaskAppArchitect_Flask_App_Creator/mp3_sound/mp3_sound.py:82]
2023-09-25 12:04:43,029 - mp3_sound.mp3_sound - INFO - MP3_LIST: /mnt/HDD500/FlaskAppArchitect/mp3_sound/all_mp3.list [in /mnt/HDD500/FlaskAppArchitect/mp3_sound/mp3_sound.py:64]
2023-09-25 12:04:43,029 - mp3_sound.mp3_sound - INFO - Starting mp3_sound [in /mnt/HDD500/FlaskAppArchitect/mp3_sound/mp3_sound.py:81]
2023-09-25 12:04:43,030 - mp3_sound.mp3_sound - DEBUG - Current_Working_Directory: /mnt/HDD500/FlaskAppArchitect [in /mnt/HDD500/FlaskAppArchitect/mp3_sound/mp3_sound.py:82]
2023-09-25 12:06:06,263 - mp3_sound.mp3_sound - INFO - MP3_LIST: /mnt/HDD500/FlaskAppArchitect/mp3_sound/all_mp3.list [in /mnt/HDD500/FlaskAppArchitect/mp3_sound/mp3_sound.py:64]
2023-09-25 12:06:06,279 - mp3_sound.mp3_sound - INFO - Starting mp3_sound [in /mnt/HDD500/FlaskAppArchitect/mp3_sound/mp3_sound.py:81]
2023-09-25 12:06:06,279 - mp3_sound.mp3_sound - DEBUG - Current_Working_Directory: /mnt/HDD500/FlaskAppArchitect [in /mnt/HDD500/FlaskAppArchitect/mp3_sound/mp3_sound.py:82]
2023-09-25 12:10:46,976 - mp3_sound.mp3_sound - INFO - MP3_LIST: /mnt/HDD500/FlaskAppArchitect/mp3_sound/all_mp3.list [in /mnt/HDD500/FlaskAppArchitect/mp3_sound/mp3_sound.py:64]
2023-09-25 12:10:46,987 - mp3_sound.mp3_sound - INFO - Starting mp3_sound [in /mnt/HDD500/FlaskAppArchitect/mp3_sound/mp3_sound.py:81]
2023-09-25 12:10:46,987 - mp3_sound.mp3_sound - DEBUG - Current_Working_Directory: /mnt/HDD500/FlaskAppArchitect [in /mnt/HDD500/FlaskAppArchitect/mp3_sound/mp3_sound.py:82]
2023-09-25 12:12:09,073 - mp3_sound.mp3_sound - INFO - MP3_LIST: /mnt/HDD500/FlaskAppArchitect/mp3_sound/all_mp3.list [in /mnt/HDD500/FlaskAppArchitect/mp3_sound/mp3_sound.py:64]
2023-09-25 12:12:09,083 - mp3_sound.mp3_sound - INFO - Starting mp3_sound [in /mnt/HDD500/FlaskAppArchitect/mp3_sound/mp3_sound.py:81]
2023-09-25 12:12:09,083 - mp3_sound.mp3_sound - DEBUG - Current_Working_Directory: /mnt/HDD500/FlaskAppArchitect [in /mnt/HDD500/FlaskAppArchitect/mp3_sound/mp3_sound.py:82]
