2023-09-25 12:23:51,546 INFO: circle_center, circle_radius:,(8, 8) 5 [in /mnt/HDD500/FlaskAppArchitect/app_bp:143]
2023-09-25 13:07:57,530 INFO: circle_center, circle_radius:,(8, 8) 5 [in /mnt/HDD500/FlaskAppArchitect/app_bp:143]
2023-09-25 13:33:25,373 INFO: circle_center, circle_radius:,(8, 8) 5 [in /mnt/HDD500/FlaskAppArchitect/app_bp:143]
2023-09-25 13:48:22,720 DEBUG: Accessing select_by_id_form route [in /mnt/HDD500/FlaskAppArchitect/app_bp:2731]
2023-09-25 13:48:30,161 DEBUG: Accessing select_by_id route [in /mnt/HDD500/FlaskAppArchitect/app_bp:2917]
2023-09-25 13:48:30,179 DEBUG: Rendering display_data.html template with no data found [in /mnt/HDD500/FlaskAppArchitect/app_bp:2941]
2023-09-25 13:50:55,910 DEBUG: Accessing insert_data route [in /mnt/HDD500/FlaskAppArchitect/app_bp:2889]
2023-09-25 13:50:55,911 DEBUG: Rendering insert_data.html template [in /mnt/HDD500/FlaskAppArchitect/app_bp:2911]
2023-09-25 13:51:47,045 DEBUG: Accessing insert_data route [in /mnt/HDD500/FlaskAppArchitect/app_bp:2889]
2023-09-25 13:51:47,110 DEBUG: Redirecting to indexdb after inserting data [in /mnt/HDD500/FlaskAppArchitect/app_bp:2907]
2023-09-25 13:51:47,123 DEBUG: Accessing indexdb route [in /mnt/HDD500/FlaskAppArchitect/app_bp:2724]
2023-09-25 13:52:20,469 DEBUG: Accessing indexdb route [in /mnt/HDD500/FlaskAppArchitect/app_bp:2724]
2023-09-25 13:52:24,650 DEBUG: Accessing select_by_id_form route [in /mnt/HDD500/FlaskAppArchitect/app_bp:2731]
2023-09-25 13:52:32,908 DEBUG: Accessing select_by_id route [in /mnt/HDD500/FlaskAppArchitect/app_bp:2917]
2023-09-25 13:52:32,909 DEBUG: Rendering display_data.html template with selected data [in /mnt/HDD500/FlaskAppArchitect/app_bp:2938]
2023-09-25 13:57:08,919 DEBUG: Accessing select_by_id route [in /mnt/HDD500/FlaskAppArchitect/app_bp:2917]
2023-09-25 13:57:08,920 DEBUG: Rendering display_data.html template with selected data [in /mnt/HDD500/FlaskAppArchitect/app_bp:2938]
2023-09-25 13:57:11,847 DEBUG: Accessing indexdb route [in /mnt/HDD500/FlaskAppArchitect/app_bp:2724]
2023-09-25 13:57:18,815 DEBUG: Accessing search_database route [in /mnt/HDD500/FlaskAppArchitect/app_bp:2847]
2023-09-25 13:57:18,815 DEBUG: Redirecting to indexdb due to missing search_term or search_area [in /mnt/HDD500/FlaskAppArchitect/app_bp:2857]
2023-09-25 13:57:18,835 DEBUG: Accessing indexdb route [in /mnt/HDD500/FlaskAppArchitect/app_bp:2724]
2023-09-25 13:57:21,743 DEBUG: Accessing search_database route [in /mnt/HDD500/FlaskAppArchitect/app_bp:2847]
2023-09-25 13:57:21,744 DEBUG: Redirecting to indexdb due to missing search_term or search_area [in /mnt/HDD500/FlaskAppArchitect/app_bp:2857]
2023-09-25 13:57:21,752 DEBUG: Accessing indexdb route [in /mnt/HDD500/FlaskAppArchitect/app_bp:2724]
2023-09-25 13:57:24,572 DEBUG: Accessing search_database route [in /mnt/HDD500/FlaskAppArchitect/app_bp:2847]
2023-09-25 13:57:24,587 DEBUG: Redirecting to indexdb due to missing search_term or search_area [in /mnt/HDD500/FlaskAppArchitect/app_bp:2857]
2023-09-25 13:57:24,598 DEBUG: Accessing indexdb route [in /mnt/HDD500/FlaskAppArchitect/app_bp:2724]
2023-09-25 15:27:08,807 DEBUG: Accessing indexdb route [in /mnt/HDD500/FlaskAppArchitect/app_bp:2724]
2023-09-25 15:54:44,284 DEBUG: Accessing indexdb route [in /mnt/HDD500/FlaskAppArchitect/app_bp:2724]
2023-09-25 18:06:12,327 INFO: circle_center, circle_radius:,(8, 8) 5 [in /mnt/HDD500/FlaskAppArchitect/app_bp:143]
